<?xml version="1.0" encoding="UTF-8"?>
<!-- Generated by org.testng.reporters.JUnitReportReporter -->
<testsuite skipped="0" hostname="Apples-MacBook-Pro.local" name="Assignment7.printPropertyFile" tests="1" failures="0" timestamp="04 Dec 2018 20:41:09 GMT" time="0.025" errors="0">
  <testcase name="printdetail" time="0.025" classname="Assignment7.printPropertyFile"/>
</testsuite> <!-- Assignment7.printPropertyFile -->
