<?xml version="1.0" encoding="UTF-8"?>
<!-- Generated by org.testng.reporters.JUnitReportReporter -->
<testsuite skipped="0" hostname="Apples-MacBook-Pro.local" name="Assignment2.testNGListener" tests="2" failures="0" timestamp="04 Dec 2018 20:33:42 GMT" time="0.020" errors="0">
  <testcase name="testListenerPass" time="0.017" classname="Assignment2.testNGListener"/>
  <testcase name="testListenerFail" time="0.003" classname="Assignment2.testNGListener"/>
</testsuite> <!-- Assignment2.testNGListener -->
